[INFO] Scanning for projects...
[INFO] 
[INFO] --------------------< com.criczone:criczone-spring >--------------------
[INFO] Building criczone-spring 1.0.0
[INFO]   from pom.xml
[INFO] --------------------------------[ jar ]---------------------------------
[INFO] 
[INFO] >>> spring-boot:2.7.18:run (default-cli) > test-compile @ criczone-spring >>>
[INFO] 
[INFO] --- resources:3.2.0:resources (default-resources) @ criczone-spring ---
[INFO] Using 'UTF-8' encoding to copy filtered resources.
[INFO] Using 'UTF-8' encoding to copy filtered properties files.
[INFO] Copying 1 resource
[INFO] Copying 9 resources
[INFO] 
[INFO] --- compiler:3.10.1:compile (default-compile) @ criczone-spring ---
[INFO] Nothing to compile - all classes are up to date
[INFO] 
[INFO] --- resources:3.2.0:testResources (default-testResources) @ criczone-spring ---
[INFO] Using 'UTF-8' encoding to copy filtered resources.
[INFO] Using 'UTF-8' encoding to copy filtered properties files.
[INFO] skip non existing resourceDirectory C:\Users\naman\Downloads\demo\demo\src\test\resources
[INFO] 
[INFO] --- compiler:3.10.1:testCompile (default-testCompile) @ criczone-spring ---
[INFO] Nothing to compile - all classes are up to date
[INFO] 
[INFO] <<< spring-boot:2.7.18:run (default-cli) < test-compile @ criczone-spring <<<
[INFO] 
[INFO] 
[INFO] --- spring-boot:2.7.18:run (default-cli) @ criczone-spring ---
[INFO] Attaching agents: []
11:50:00.603 [Thread-0] DEBUG org.springframework.boot.devtools.restart.classloader.RestartClassLoader - Created RestartClassLoader org.springframework.boot.devtools.restart.classloader.RestartClassLoader@491d31f

  .   ____          _            __ _ _
 /\\ / ___'_ __ _ _(_)_ __  __ _ \ \ \ \
( ( )\___ | '_ | '_| | '_ \/ _` | \ \ \ \
 \\/  ___)| |_)| | | | | || (_| |  ) ) ) )
  '  |____| .__|_| |_|_| |_\__, | / / / /
 =========|_|==============|___/=/_/_/_/
 :: Spring Boot ::               (v2.7.18)

2026-03-29 11:50:01.010  INFO 24972 --- [  restartedMain] com.criczone.demo.DemoApplication        : Starting DemoApplication using Java 11.0.27 on LAPTOP-QAPDAB2H with PID 24972 (C:\Users\naman\Downloads\demo\demo\target\classes started by naman in C:\Users\naman\Downloads\demo\demo)
2026-03-29 11:50:01.012  INFO 24972 --- [  restartedMain] com.criczone.demo.DemoApplication        : No active profile set, falling back to 1 default profile: "default"
2026-03-29 11:50:01.062  INFO 24972 --- [  restartedMain] .e.DevToolsPropertyDefaultsPostProcessor : Devtools property defaults active! Set 'spring.devtools.add-properties' to 'false' to disable
2026-03-29 11:50:01.063  INFO 24972 --- [  restartedMain] .e.DevToolsPropertyDefaultsPostProcessor : For additional web related logging consider setting the 'logging.level.web' property to 'DEBUG'
2026-03-29 11:50:02.741  INFO 24972 --- [  restartedMain] .s.d.r.c.RepositoryConfigurationDelegate : Bootstrapping Spring Data MongoDB repositories in DEFAULT mode.
2026-03-29 11:50:02.848  INFO 24972 --- [  restartedMain] .s.d.r.c.RepositoryConfigurationDelegate : Finished Spring Data repository scanning in 95 ms. Found 7 MongoDB repository interfaces.
2026-03-29 11:50:03.778  INFO 24972 --- [  restartedMain] o.s.b.w.embedded.tomcat.TomcatWebServer  : Tomcat initialized with port(s): 0 (http)
2026-03-29 11:50:03.791  INFO 24972 --- [  restartedMain] o.apache.catalina.core.StandardService   : Starting service [Tomcat]
2026-03-29 11:50:03.793  INFO 24972 --- [  restartedMain] org.apache.catalina.core.StandardEngine  : Starting Servlet engine: [Apache Tomcat/9.0.83]
2026-03-29 11:50:03.894  INFO 24972 --- [  restartedMain] o.a.c.c.C.[Tomcat].[localhost].[/]       : Initializing Spring embedded WebApplicationContext
2026-03-29 11:50:03.896  INFO 24972 --- [  restartedMain] w.s.c.ServletWebServerApplicationContext : Root WebApplicationContext: initialization completed in 2832 ms
2026-03-29 11:50:04.243  INFO 24972 --- [  restartedMain] org.mongodb.driver.client                : MongoClient with metadata {"driver": {"name": "mongo-java-driver|sync|spring-boot", "version": "4.6.1"}, "os": {"type": "Windows", "name": "Windows 11", "architecture": "amd64", "version": "10.0"}, "platform": "Java/Oracle Corporation/11.0.27+8-LTS-232"} created with settings MongoClientSettings{readPreference=primary, writeConcern=WriteConcern{w=null, wTimeout=null ms, journal=null}, retryWrites=true, retryReads=true, readConcern=ReadConcern{level=null}, credential=null, streamFactoryFactory=null, commandListeners=[io.micrometer.core.instrument.binder.mongodb.MongoMetricsCommandListener@1a37beb8], codecRegistry=ProvidersCodecRegistry{codecProviders=[ValueCodecProvider{}, BsonValueCodecProvider{}, DBRefCodecProvider{}, DBObjectCodecProvider{}, DocumentCodecProvider{}, IterableCodecProvider{}, MapCodecProvider{}, GeoJsonCodecProvider{}, GridFSFileCodecProvider{}, Jsr310CodecProvider{}, JsonObjectCodecProvider{}, BsonCodecProvider{}, EnumCodecProvider{}, com.mongodb.Jep395RecordCodecProvider@145f49ea]}, clusterSettings={hosts=[localhost:27017], srvServiceName=mongodb, mode=SINGLE, requiredClusterType=UNKNOWN, requiredReplicaSetName='null', serverSelector='null', clusterListeners='[]', serverSelectionTimeout='30000 ms', localThreshold='30000 ms'}, socketSettings=SocketSettings{connectTimeoutMS=10000, readTimeoutMS=0, receiveBufferSize=0, sendBufferSize=0}, heartbeatSocketSettings=SocketSettings{connectTimeoutMS=10000, readTimeoutMS=10000, receiveBufferSize=0, sendBufferSize=0}, connectionPoolSettings=ConnectionPoolSettings{maxSize=100, minSize=0, maxWaitTimeMS=120000, maxConnectionLifeTimeMS=0, maxConnectionIdleTimeMS=0, maintenanceInitialDelayMS=0, maintenanceFrequencyMS=60000, connectionPoolListeners=[io.micrometer.core.instrument.binder.mongodb.MongoMetricsConnectionPoolListener@50b56ba], maxConnecting=2}, serverSettings=ServerSettings{heartbeatFrequencyMS=10000, minHeartbeatFrequencyMS=500, serverListeners='[]', serverMonitorListeners='[]'}, sslSettings=SslSettings{enabled=false, invalidHostNameAllowed=false, context=null}, applicationName='null', compressorList=[], uuidRepresentation=JAVA_LEGACY, serverApi=null, autoEncryptionSettings=null, contextProvider=null}
2026-03-29 11:50:04.261  INFO 24972 --- [localhost:27017] org.mongodb.driver.connection            : Opened connection [connectionId{localValue:2, serverValue:17}] to localhost:27017
2026-03-29 11:50:04.263  INFO 24972 --- [localhost:27017] org.mongodb.driver.connection            : Opened connection [connectionId{localValue:1, serverValue:18}] to localhost:27017
2026-03-29 11:50:04.264  INFO 24972 --- [localhost:27017] org.mongodb.driver.cluster               : Monitor thread successfully connected to server with description ServerDescription{address=localhost:27017, type=STANDALONE, state=CONNECTED, ok=true, minWireVersion=0, maxWireVersion=25, maxDocumentSize=16777216, logicalSessionTimeoutMinutes=30, roundTripTimeNanos=19831700}
2026-03-29 11:50:04.632  WARN 24972 --- [  restartedMain] o.s.b.d.a.OptionalLiveReloadServer       : Unable to start LiveReload server
2026-03-29 11:50:04.736  WARN 24972 --- [  restartedMain] .s.s.UserDetailsServiceAutoConfiguration : 

Using generated security password: 2d3785e4-14db-4167-a455-bf08821a7f98

This generated password is for development use only. Your security configuration must be updated before running your application in production.

2026-03-29 11:50:04.830  INFO 24972 --- [  restartedMain] o.s.s.web.DefaultSecurityFilterChain     : Will secure any request with [org.springframework.security.web.session.DisableEncodeUrlFilter@4c27e83d, org.springframework.security.web.context.request.async.WebAsyncManagerIntegrationFilter@13fac6cc, org.springframework.security.web.context.SecurityContextPersistenceFilter@64ec9f8b, org.springframework.security.web.header.HeaderWriterFilter@51e09627, org.springframework.web.filter.CorsFilter@69c785d2, org.springframework.security.web.authentication.logout.LogoutFilter@6230db8b, com.criczone.demo.security.JwtAuthFilter@3c9ce98b, org.springframework.security.web.savedrequest.RequestCacheAwareFilter@4ec9ec16, org.springframework.security.web.servletapi.SecurityContextHolderAwareRequestFilter@326bdd8f, org.springframework.security.web.authentication.AnonymousAuthenticationFilter@154045ae, org.springframework.security.web.session.SessionManagementFilter@6b701713, org.springframework.security.web.access.ExceptionTranslationFilter@1c45fc0f, org.springframework.security.web.access.intercept.AuthorizationFilter@1539954c]
2026-03-29 11:50:05.014  INFO 24972 --- [  restartedMain] o.s.b.a.w.s.WelcomePageHandlerMapping    : Adding welcome page: class path resource [static/index.html]
2026-03-29 11:50:05.259  INFO 24972 --- [  restartedMain] o.s.b.a.e.web.EndpointLinksResolver      : Exposing 2 endpoint(s) beneath base path '/actuator'
2026-03-29 11:50:05.309  INFO 24972 --- [  restartedMain] o.s.b.w.embedded.tomcat.TomcatWebServer  : Tomcat started on port(s): 57245 (http) with context path ''
2026-03-29 11:50:05.326  INFO 24972 --- [  restartedMain] com.criczone.demo.DemoApplication        : Started DemoApplication in 4.707 seconds (JVM running for 5.187)
2026-03-29 14:15:51.258  INFO 24972 --- [localhost:27017] org.mongodb.driver.cluster               : Exception in monitor thread while connecting to server localhost:27017

com.mongodb.MongoSocketReadTimeoutException: Timeout while receiving message
	at com.mongodb.internal.connection.InternalStreamConnection.translateReadException(InternalStreamConnection.java:696) ~[mongodb-driver-core-4.6.1.jar:na]
	at com.mongodb.internal.connection.InternalStreamConnection.receiveMessageWithAdditionalTimeout(InternalStreamConnection.java:574) ~[mongodb-driver-core-4.6.1.jar:na]
	at com.mongodb.internal.connection.InternalStreamConnection.receiveCommandMessageResponse(InternalStreamConnection.java:410) ~[mongodb-driver-core-4.6.1.jar:na]
	at com.mongodb.internal.connection.InternalStreamConnection.receive(InternalStreamConnection.java:369) ~[mongodb-driver-core-4.6.1.jar:na]
	at com.mongodb.internal.connection.DefaultServerMonitor$ServerMonitorRunnable.lookupServerDescription(DefaultServerMonitor.java:221) ~[mongodb-driver-core-4.6.1.jar:na]
	at com.mongodb.internal.connection.DefaultServerMonitor$ServerMonitorRunnable.run(DefaultServerMonitor.java:157) ~[mongodb-driver-core-4.6.1.jar:na]
	at java.base/java.lang.Thread.run(Thread.java:834) ~[na:na]
Caused by: java.net.SocketTimeoutException: Read timed out
	at java.base/java.net.SocketInputStream.socketRead0(Native Method) ~[na:na]
	at java.base/java.net.SocketInputStream.socketRead(SocketInputStream.java:115) ~[na:na]
	at java.base/java.net.SocketInputStream.read(SocketInputStream.java:168) ~[na:na]
	at java.base/java.net.SocketInputStream.read(SocketInputStream.java:140) ~[na:na]
	at com.mongodb.internal.connection.SocketStream.read(SocketStream.java:110) ~[mongodb-driver-core-4.6.1.jar:na]
	at com.mongodb.internal.connection.SocketStream.read(SocketStream.java:135) ~[mongodb-driver-core-4.6.1.jar:na]
	at com.mongodb.internal.connection.InternalStreamConnection.receiveResponseBuffers(InternalStreamConnection.java:713) ~[mongodb-driver-core-4.6.1.jar:na]
	at com.mongodb.internal.connection.InternalStreamConnection.receiveMessageWithAdditionalTimeout(InternalStreamConnection.java:571) ~[mongodb-driver-core-4.6.1.jar:na]
	... 5 common frames omitted

2026-03-29 14:15:51.354  INFO 24972 --- [localhost:27017] org.mongodb.driver.connection            : Opened connection [connectionId{localValue:3, serverValue:25}] to localhost:27017
2026-03-29 14:15:51.412  INFO 24972 --- [localhost:27017] org.mongodb.driver.cluster               : Monitor thread successfully connected to server with description ServerDescription{address=localhost:27017, type=STANDALONE, state=CONNECTED, ok=true, minWireVersion=0, maxWireVersion=25, maxDocumentSize=16777216, logicalSessionTimeoutMinutes=30, roundTripTimeNanos=6803300}
2026-03-29 14:44:18.073  INFO 24972 --- [   File Watcher] rtingClassPathChangeChangedEventListener : Restarting due to 34 class path changes (0 additions, 34 deletions, 0 modifications)
2026-03-29 14:44:19.648  INFO 24972 --- [       Thread-1] o.apache.catalina.core.StandardService   : Stopping service [Tomcat]
2026-03-29 14:44:19.857  WARN 24972 --- [       Thread-1] o.a.c.loader.WebappClassLoaderBase       : The web application [ROOT] appears to have started a thread named [BufferPoolPruner-1-thread-1] but has failed to stop it. This is very likely to create a memory leak. Stack trace of thread:
 java.base@11.0.27/jdk.internal.misc.Unsafe.park(Native Method)
 java.base@11.0.27/java.util.concurrent.locks.LockSupport.parkNanos(LockSupport.java:234)
 java.base@11.0.27/java.util.concurrent.locks.AbstractQueuedSynchronizer$ConditionObject.awaitNanos(AbstractQueuedSynchronizer.java:2123)
 java.base@11.0.27/java.util.concurrent.ScheduledThreadPoolExecutor$DelayedWorkQueue.take(ScheduledThreadPoolExecutor.java:1182)
 java.base@11.0.27/java.util.concurrent.ScheduledThreadPoolExecutor$DelayedWorkQueue.take(ScheduledThreadPoolExecutor.java:899)
 java.base@11.0.27/java.util.concurrent.ThreadPoolExecutor.getTask(ThreadPoolExecutor.java:1054)
 java.base@11.0.27/java.util.concurrent.ThreadPoolExecutor.runWorker(ThreadPoolExecutor.java:1114)
 java.base@11.0.27/java.util.concurrent.ThreadPoolExecutor$Worker.run(ThreadPoolExecutor.java:628)
 java.base@11.0.27/java.lang.Thread.run(Thread.java:834)
2026-03-29 14:44:19.860  WARN 24972 --- [       Thread-1] o.a.c.loader.WebappClassLoaderBase       : The web application [ROOT] appears to have started a thread named [cluster-ClusterId{value='69c8c4948c99923df2d29946', description='null'}-localhost:27017] but has failed to stop it. This is very likely to create a memory leak. Stack trace of thread:
 java.base@11.0.27/java.net.SocketInputStream.socketRead0(Native Method)
 java.base@11.0.27/java.net.SocketInputStream.socketRead(SocketInputStream.java:115)
 java.base@11.0.27/java.net.SocketInputStream.read(SocketInputStream.java:168)
 java.base@11.0.27/java.net.SocketInputStream.read(SocketInputStream.java:140)
 app//com.mongodb.internal.connection.SocketStream.read(SocketStream.java:110)
 app//com.mongodb.internal.connection.SocketStream.read(SocketStream.java:135)
 app//com.mongodb.internal.connection.InternalStreamConnection.receiveResponseBuffers(InternalStreamConnection.java:713)
 app//com.mongodb.internal.connection.InternalStreamConnection.receiveMessageWithAdditionalTimeout(InternalStreamConnection.java:571)
 app//com.mongodb.internal.connection.InternalStreamConnection.receiveCommandMessageResponse(InternalStreamConnection.java:410)
 app//com.mongodb.internal.connection.InternalStreamConnection.receive(InternalStreamConnection.java:369)
 app//com.mongodb.internal.connection.DefaultServerMonitor$ServerMonitorRunnable.lookupServerDescription(DefaultServerMonitor.java:221)
 app//com.mongodb.internal.connection.DefaultServerMonitor$ServerMonitorRunnable.run(DefaultServerMonitor.java:157)
 java.base@11.0.27/java.lang.Thread.run(Thread.java:834)
2026-03-29 14:44:19.862  WARN 24972 --- [       Thread-1] o.a.c.loader.WebappClassLoaderBase       : The web application [ROOT] appears to have started a thread named [cluster-rtt-ClusterId{value='69c8c4948c99923df2d29946', description='null'}-localhost:27017] but has failed to stop it. This is very likely to create a memory leak. Stack trace of thread:
 java.base@11.0.27/java.lang.Thread.sleep(Native Method)
 app//com.mongodb.internal.connection.DefaultServerMonitor.waitForNext(DefaultServerMonitor.java:443)
 app//com.mongodb.internal.connection.DefaultServerMonitor.access$1500(DefaultServerMonitor.java:64)
 app//com.mongodb.internal.connection.DefaultServerMonitor$RoundTripTimeRunnable.run(DefaultServerMonitor.java:415)
 java.base@11.0.27/java.lang.Thread.run(Thread.java:834)
2026-03-29 14:44:19.863  WARN 24972 --- [       Thread-1] o.a.c.loader.WebappClassLoaderBase       : The web application [ROOT] appears to have started a thread named [MaintenanceTimer-2-thread-1] but has failed to stop it. This is very likely to create a memory leak. Stack trace of thread:
 java.base@11.0.27/jdk.internal.misc.Unsafe.park(Native Method)
 java.base@11.0.27/java.util.concurrent.locks.LockSupport.parkNanos(LockSupport.java:234)
 java.base@11.0.27/java.util.concurrent.locks.AbstractQueuedSynchronizer$ConditionObject.awaitNanos(AbstractQueuedSynchronizer.java:2123)
 java.base@11.0.27/java.util.concurrent.ScheduledThreadPoolExecutor$DelayedWorkQueue.take(ScheduledThreadPoolExecutor.java:1182)
 java.base@11.0.27/java.util.concurrent.ScheduledThreadPoolExecutor$DelayedWorkQueue.take(ScheduledThreadPoolExecutor.java:899)
 java.base@11.0.27/java.util.concurrent.ThreadPoolExecutor.getTask(ThreadPoolExecutor.java:1054)
 java.base@11.0.27/java.util.concurrent.ThreadPoolExecutor.runWorker(ThreadPoolExecutor.java:1114)
 java.base@11.0.27/java.util.concurrent.ThreadPoolExecutor$Worker.run(ThreadPoolExecutor.java:628)
 java.base@11.0.27/java.lang.Thread.run(Thread.java:834)

  .   ____          _            __ _ _
 /\\ / ___'_ __ _ _(_)_ __  __ _ \ \ \ \
( ( )\___ | '_ | '_| | '_ \/ _` | \ \ \ \
 \\/  ___)| |_)| | | | | || (_| |  ) ) ) )
  '  |____| .__|_| |_|_| |_\__, | / / / /
 =========|_|==============|___/=/_/_/_/
 :: Spring Boot ::               (v2.7.18)

2026-03-29 14:44:20.587  INFO 24972 --- [  restartedMain] com.criczone.demo.DemoApplication        : Starting DemoApplication using Java 11.0.27 on LAPTOP-QAPDAB2H with PID 24972 (C:\Users\naman\Downloads\demo\demo\target\classes started by naman in C:\Users\naman\Downloads\demo\demo)
2026-03-29 14:44:20.592  INFO 24972 --- [  restartedMain] com.criczone.demo.DemoApplication        : No active profile set, falling back to 1 default profile: "default"
2026-03-29 14:44:24.187  INFO 24972 --- [  restartedMain] .s.d.r.c.RepositoryConfigurationDelegate : Bootstrapping Spring Data MongoDB repositories in DEFAULT mode.
2026-03-29 14:44:24.239  INFO 24972 --- [  restartedMain] .s.d.r.c.RepositoryConfigurationDelegate : Finished Spring Data repository scanning in 50 ms. Found 1 MongoDB repository interfaces.
2026-03-29 14:44:24.644  INFO 24972 --- [  restartedMain] o.s.b.w.embedded.tomcat.TomcatWebServer  : Tomcat initialized with port(s): 0 (http)
2026-03-29 14:44:24.657  INFO 24972 --- [  restartedMain] o.apache.catalina.core.StandardService   : Starting service [Tomcat]
2026-03-29 14:44:24.684  INFO 24972 --- [  restartedMain] org.apache.catalina.core.StandardEngine  : Starting Servlet engine: [Apache Tomcat/9.0.83]
2026-03-29 14:44:24.779  INFO 24972 --- [  restartedMain] o.a.c.c.C.[Tomcat].[localhost].[/]       : Initializing Spring embedded WebApplicationContext
2026-03-29 14:44:24.781  INFO 24972 --- [  restartedMain] w.s.c.ServletWebServerApplicationContext : Root WebApplicationContext: initialization completed in 4153 ms
2026-03-29 14:44:25.431  INFO 24972 --- [  restartedMain] o.s.b.a.w.s.WelcomePageHandlerMapping    : Adding welcome page: class path resource [static/index.html]
2026-03-29 14:44:25.956  INFO 24972 --- [  restartedMain] org.mongodb.driver.client                : MongoClient with metadata {"driver": {"name": "mongo-java-driver|sync|spring-boot", "version": "4.6.1"}, "os": {"type": "Windows", "name": "Windows 11", "architecture": "amd64", "version": "10.0"}, "platform": "Java/Oracle Corporation/11.0.27+8-LTS-232"} created with settings MongoClientSettings{readPreference=primary, writeConcern=WriteConcern{w=null, wTimeout=null ms, journal=null}, retryWrites=true, retryReads=true, readConcern=ReadConcern{level=null}, credential=null, streamFactoryFactory=null, commandListeners=[io.micrometer.core.instrument.binder.mongodb.MongoMetricsCommandListener@1dfd3023], codecRegistry=ProvidersCodecRegistry{codecProviders=[ValueCodecProvider{}, BsonValueCodecProvider{}, DBRefCodecProvider{}, DBObjectCodecProvider{}, DocumentCodecProvider{}, IterableCodecProvider{}, MapCodecProvider{}, GeoJsonCodecProvider{}, GridFSFileCodecProvider{}, Jsr310CodecProvider{}, JsonObjectCodecProvider{}, BsonCodecProvider{}, EnumCodecProvider{}, com.mongodb.Jep395RecordCodecProvider@145f49ea]}, clusterSettings={hosts=[localhost:27017], srvServiceName=mongodb, mode=SINGLE, requiredClusterType=UNKNOWN, requiredReplicaSetName='null', serverSelector='null', clusterListeners='[]', serverSelectionTimeout='30000 ms', localThreshold='30000 ms'}, socketSettings=SocketSettings{connectTimeoutMS=10000, readTimeoutMS=0, receiveBufferSize=0, sendBufferSize=0}, heartbeatSocketSettings=SocketSettings{connectTimeoutMS=10000, readTimeoutMS=10000, receiveBufferSize=0, sendBufferSize=0}, connectionPoolSettings=ConnectionPoolSettings{maxSize=100, minSize=0, maxWaitTimeMS=120000, maxConnectionLifeTimeMS=0, maxConnectionIdleTimeMS=0, maintenanceInitialDelayMS=0, maintenanceFrequencyMS=60000, connectionPoolListeners=[io.micrometer.core.instrument.binder.mongodb.MongoMetricsConnectionPoolListener@5dfd285c], maxConnecting=2}, serverSettings=ServerSettings{heartbeatFrequencyMS=10000, minHeartbeatFrequencyMS=500, serverListeners='[]', serverMonitorListeners='[]'}, sslSettings=SslSettings{enabled=false, invalidHostNameAllowed=false, context=null}, applicationName='null', compressorList=[], uuidRepresentation=JAVA_LEGACY, serverApi=null, autoEncryptionSettings=null, contextProvider=null}
2026-03-29 14:44:25.972  INFO 24972 --- [localhost:27017] org.mongodb.driver.connection            : Opened connection [connectionId{localValue:5, serverValue:39}] to localhost:27017
2026-03-29 14:44:25.983  INFO 24972 --- [localhost:27017] org.mongodb.driver.connection            : Opened connection [connectionId{localValue:4, serverValue:38}] to localhost:27017
2026-03-29 14:44:25.986  INFO 24972 --- [localhost:27017] org.mongodb.driver.cluster               : Monitor thread successfully connected to server with description ServerDescription{address=localhost:27017, type=STANDALONE, state=CONNECTED, ok=true, minWireVersion=0, maxWireVersion=25, maxDocumentSize=16777216, logicalSessionTimeoutMinutes=30, roundTripTimeNanos=17780800}
2026-03-29 14:44:26.197  WARN 24972 --- [  restartedMain] o.s.b.d.a.OptionalLiveReloadServer       : Unable to start LiveReload server
2026-03-29 14:44:26.536  WARN 24972 --- [  restartedMain] .s.s.UserDetailsServiceAutoConfiguration : 

Using generated security password: 873e2749-0807-4ce9-9e07-7d71078f7b82

This generated password is for development use only. Your security configuration must be updated before running your application in production.

2026-03-29 14:44:26.811  INFO 24972 --- [  restartedMain] o.s.b.a.e.web.EndpointLinksResolver      : Exposing 2 endpoint(s) beneath base path '/actuator'
2026-03-29 14:44:26.849  INFO 24972 --- [  restartedMain] o.s.s.web.DefaultSecurityFilterChain     : Will secure any request with [org.springframework.security.web.session.DisableEncodeUrlFilter@2b5d35ad, org.springframework.security.web.context.request.async.WebAsyncManagerIntegrationFilter@3548338b, org.springframework.security.web.context.SecurityContextPersistenceFilter@5cde938a, org.springframework.security.web.header.HeaderWriterFilter@23d563ae, org.springframework.web.filter.CorsFilter@4c9826de, org.springframework.security.web.csrf.CsrfFilter@24a01720, org.springframework.security.web.authentication.logout.LogoutFilter@3a1925c4, org.springframework.security.web.authentication.UsernamePasswordAuthenticationFilter@6d76d708, org.springframework.security.web.authentication.ui.DefaultLoginPageGeneratingFilter@64d2833a, org.springframework.security.web.authentication.ui.DefaultLogoutPageGeneratingFilter@21749276, org.springframework.security.web.authentication.www.BasicAuthenticationFilter@41258487, org.springframework.security.web.savedrequest.RequestCacheAwareFilter@8003534, org.springframework.security.web.servletapi.SecurityContextHolderAwareRequestFilter@40ff89, org.springframework.security.web.authentication.AnonymousAuthenticationFilter@63c62ba8, org.springframework.security.web.session.SessionManagementFilter@786382b1, org.springframework.security.web.access.ExceptionTranslationFilter@61b6b782, org.springframework.security.web.access.intercept.FilterSecurityInterceptor@45333447]
2026-03-29 14:44:27.093  INFO 24972 --- [  restartedMain] o.s.b.w.embedded.tomcat.TomcatWebServer  : Tomcat started on port(s): 65107 (http) with context path ''
2026-03-29 14:44:27.167  INFO 24972 --- [  restartedMain] com.criczone.demo.DemoApplication        : Started DemoApplication in 6.967 seconds (JVM running for 10467.03)
2026-03-29 14:44:27.196  INFO 24972 --- [  restartedMain] .ConditionEvaluationDeltaLoggingListener : Condition evaluation delta:


==========================
CONDITION EVALUATION DELTA
==========================


Positive matches:
-----------------

   ManagementWebSecurityAutoConfiguration matched:
      - found 'session' scope (OnWebApplicationCondition)
      - AllNestedConditions 2 matched 0 did not; NestedCondition on DefaultWebSecurityCondition.Beans @ConditionalOnMissingBean (types: org.springframework.security.config.annotation.web.configuration.WebSecurityConfigurerAdapter,org.springframework.security.web.SecurityFilterChain; SearchStrategy: all) did not find any beans; NestedCondition on DefaultWebSecurityCondition.Classes @ConditionalOnClass found required classes 'org.springframework.security.web.SecurityFilterChain', 'org.springframework.security.config.annotation.web.builders.HttpSecurity' (DefaultWebSecurityCondition)


Negative matches:
-----------------

    None


Exclusions:
-----------

    None


Unconditional classes:
----------------------

    None



2026-03-29 14:44:29.056  INFO 24972 --- [   File Watcher] rtingClassPathChangeChangedEventListener : Restarting due to 25 class path changes (25 additions, 0 deletions, 0 modifications)
2026-03-29 14:44:31.927  INFO 24972 --- [       Thread-5] o.apache.catalina.core.StandardService   : Stopping service [Tomcat]

  .   ____          _            __ _ _
 /\\ / ___'_ __ _ _(_)_ __  __ _ \ \ \ \
( ( )\___ | '_ | '_| | '_ \/ _` | \ \ \ \
 \\/  ___)| |_)| | | | | || (_| |  ) ) ) )
  '  |____| .__|_| |_|_| |_\__, | / / / /
 =========|_|==============|___/=/_/_/_/
 :: Spring Boot ::               (v2.7.18)

2026-03-29 14:44:32.341  INFO 24972 --- [  restartedMain] com.criczone.demo.DemoApplication        : Starting DemoApplication using Java 11.0.27 on LAPTOP-QAPDAB2H with PID 24972 (C:\Users\naman\Downloads\demo\demo\target\classes started by naman in C:\Users\naman\Downloads\demo\demo)
2026-03-29 14:44:32.346  INFO 24972 --- [  restartedMain] com.criczone.demo.DemoApplication        : No active profile set, falling back to 1 default profile: "default"
2026-03-29 14:44:36.769  INFO 24972 --- [  restartedMain] .s.d.r.c.RepositoryConfigurationDelegate : Bootstrapping Spring Data MongoDB repositories in DEFAULT mode.
2026-03-29 14:44:37.189  INFO 24972 --- [  restartedMain] .s.d.r.c.RepositoryConfigurationDelegate : Finished Spring Data repository scanning in 390 ms. Found 7 MongoDB repository interfaces.
2026-03-29 14:44:37.519  INFO 24972 --- [  restartedMain] o.s.b.w.embedded.tomcat.TomcatWebServer  : Tomcat initialized with port(s): 0 (http)
2026-03-29 14:44:37.525  INFO 24972 --- [  restartedMain] o.apache.catalina.core.StandardService   : Starting service [Tomcat]
2026-03-29 14:44:37.528  INFO 24972 --- [  restartedMain] org.apache.catalina.core.StandardEngine  : Starting Servlet engine: [Apache Tomcat/9.0.83]
2026-03-29 14:44:37.633  INFO 24972 --- [  restartedMain] o.a.c.c.C.[Tomcat].[localhost].[/]       : Initializing Spring embedded WebApplicationContext
2026-03-29 14:44:37.636  INFO 24972 --- [  restartedMain] w.s.c.ServletWebServerApplicationContext : Root WebApplicationContext: initialization completed in 5277 ms
2026-03-29 14:44:37.936  INFO 24972 --- [  restartedMain] org.mongodb.driver.client                : MongoClient with metadata {"driver": {"name": "mongo-java-driver|sync|spring-boot", "version": "4.6.1"}, "os": {"type": "Windows", "name": "Windows 11", "architecture": "amd64", "version": "10.0"}, "platform": "Java/Oracle Corporation/11.0.27+8-LTS-232"} created with settings MongoClientSettings{readPreference=primary, writeConcern=WriteConcern{w=null, wTimeout=null ms, journal=null}, retryWrites=true, retryReads=true, readConcern=ReadConcern{level=null}, credential=null, streamFactoryFactory=null, commandListeners=[io.micrometer.core.instrument.binder.mongodb.MongoMetricsCommandListener@1266403b], codecRegistry=ProvidersCodecRegistry{codecProviders=[ValueCodecProvider{}, BsonValueCodecProvider{}, DBRefCodecProvider{}, DBObjectCodecProvider{}, DocumentCodecProvider{}, IterableCodecProvider{}, MapCodecProvider{}, GeoJsonCodecProvider{}, GridFSFileCodecProvider{}, Jsr310CodecProvider{}, JsonObjectCodecProvider{}, BsonCodecProvider{}, EnumCodecProvider{}, com.mongodb.Jep395RecordCodecProvider@145f49ea]}, clusterSettings={hosts=[localhost:27017], srvServiceName=mongodb, mode=SINGLE, requiredClusterType=UNKNOWN, requiredReplicaSetName='null', serverSelector='null', clusterListeners='[]', serverSelectionTimeout='30000 ms', localThreshold='30000 ms'}, socketSettings=SocketSettings{connectTimeoutMS=10000, readTimeoutMS=0, receiveBufferSize=0, sendBufferSize=0}, heartbeatSocketSettings=SocketSettings{connectTimeoutMS=10000, readTimeoutMS=10000, receiveBufferSize=0, sendBufferSize=0}, connectionPoolSettings=ConnectionPoolSettings{maxSize=100, minSize=0, maxWaitTimeMS=120000, maxConnectionLifeTimeMS=0, maxConnectionIdleTimeMS=0, maintenanceInitialDelayMS=0, maintenanceFrequencyMS=60000, connectionPoolListeners=[io.micrometer.core.instrument.binder.mongodb.MongoMetricsConnectionPoolListener@41becbfb], maxConnecting=2}, serverSettings=ServerSettings{heartbeatFrequencyMS=10000, minHeartbeatFrequencyMS=500, serverListeners='[]', serverMonitorListeners='[]'}, sslSettings=SslSettings{enabled=false, invalidHostNameAllowed=false, context=null}, applicationName='null', compressorList=[], uuidRepresentation=JAVA_LEGACY, serverApi=null, autoEncryptionSettings=null, contextProvider=null}
2026-03-29 14:44:37.946  INFO 24972 --- [localhost:27017] org.mongodb.driver.connection            : Opened connection [connectionId{localValue:7, serverValue:50}] to localhost:27017
2026-03-29 14:44:37.950  INFO 24972 --- [localhost:27017] org.mongodb.driver.connection            : Opened connection [connectionId{localValue:6, serverValue:51}] to localhost:27017
2026-03-29 14:44:37.952  INFO 24972 --- [localhost:27017] org.mongodb.driver.cluster               : Monitor thread successfully connected to server with description ServerDescription{address=localhost:27017, type=STANDALONE, state=CONNECTED, ok=true, minWireVersion=0, maxWireVersion=25, maxDocumentSize=16777216, logicalSessionTimeoutMinutes=30, roundTripTimeNanos=3759400}
2026-03-29 14:44:38.330  WARN 24972 --- [  restartedMain] o.s.b.d.a.OptionalLiveReloadServer       : Unable to start LiveReload server
2026-03-29 14:44:38.738  WARN 24972 --- [  restartedMain] .s.s.UserDetailsServiceAutoConfiguration : 

Using generated security password: 45ea3cc2-088d-4519-b38c-880d5d28b29d

This generated password is for development use only. Your security configuration must be updated before running your application in production.

2026-03-29 14:44:38.792  INFO 24972 --- [  restartedMain] o.s.s.web.DefaultSecurityFilterChain     : Will secure any request with [org.springframework.security.web.session.DisableEncodeUrlFilter@605a66b, org.springframework.security.web.context.request.async.WebAsyncManagerIntegrationFilter@14037d14, org.springframework.security.web.context.SecurityContextPersistenceFilter@707d5a54, org.springframework.security.web.header.HeaderWriterFilter@21bf5c95, org.springframework.web.filter.CorsFilter@3ca41e96, org.springframework.security.web.authentication.logout.LogoutFilter@26f1cc6a, com.criczone.demo.security.JwtAuthFilter@527a7d92, org.springframework.security.web.savedrequest.RequestCacheAwareFilter@2b39bc46, org.springframework.security.web.servletapi.SecurityContextHolderAwareRequestFilter@70391640, org.springframework.security.web.authentication.AnonymousAuthenticationFilter@61511e7d, org.springframework.security.web.session.SessionManagementFilter@e08572c, org.springframework.security.web.access.ExceptionTranslationFilter@5e20a7ea, org.springframework.security.web.access.intercept.AuthorizationFilter@6cd62fd0]
2026-03-29 14:44:39.021  INFO 24972 --- [  restartedMain] o.s.b.a.w.s.WelcomePageHandlerMapping    : Adding welcome page: class path resource [static/index.html]
2026-03-29 14:44:39.296  INFO 24972 --- [  restartedMain] o.s.b.a.e.web.EndpointLinksResolver      : Exposing 2 endpoint(s) beneath base path '/actuator'
2026-03-29 14:44:39.457  INFO 24972 --- [  restartedMain] o.s.b.w.embedded.tomcat.TomcatWebServer  : Tomcat started on port(s): 55335 (http) with context path ''
2026-03-29 14:44:39.494  INFO 24972 --- [  restartedMain] com.criczone.demo.DemoApplication        : Started DemoApplication in 7.366 seconds (JVM running for 10479.356)
2026-03-29 14:44:39.506  INFO 24972 --- [  restartedMain] .ConditionEvaluationDeltaLoggingListener : Condition evaluation delta:


==========================
CONDITION EVALUATION DELTA
==========================


Positive matches:
-----------------

    None


Negative matches:
-----------------

   ManagementWebSecurityAutoConfiguration:
      Did not match:
         - AllNestedConditions 1 matched 1 did not; NestedCondition on DefaultWebSecurityCondition.Beans @ConditionalOnMissingBean (types: org.springframework.security.config.annotation.web.configuration.WebSecurityConfigurerAdapter,org.springframework.security.web.SecurityFilterChain; SearchStrategy: all) found beans of type 'org.springframework.security.web.SecurityFilterChain' securityFilterChain; NestedCondition on DefaultWebSecurityCondition.Classes @ConditionalOnClass found required classes 'org.springframework.security.web.SecurityFilterChain', 'org.springframework.security.config.annotation.web.builders.HttpSecurity' (DefaultWebSecurityCondition)
      Matched:
         - found 'session' scope (OnWebApplicationCondition)


Exclusions:
-----------

    None


Unconditional classes:
----------------------

    None



2026-03-29 14:44:40.929  INFO 24972 --- [   File Watcher] rtingClassPathChangeChangedEventListener : Restarting due to 9 class path changes (9 additions, 0 deletions, 0 modifications)
2026-03-29 14:44:42.028  INFO 24972 --- [       Thread-9] o.apache.catalina.core.StandardService   : Stopping service [Tomcat]
2026-03-29 14:44:42.039  WARN 24972 --- [       Thread-9] o.a.c.loader.WebappClassLoaderBase       : The web application [ROOT] appears to have started a thread named [cluster-ClusterId{value='69c8ed7d8c99923df2d29948', description='null'}-localhost:27017] but has failed to stop it. This is very likely to create a memory leak. Stack trace of thread:
 java.base@11.0.27/java.net.SocketInputStream.socketRead0(Native Method)
 java.base@11.0.27/java.net.SocketInputStream.socketRead(SocketInputStream.java:115)
 java.base@11.0.27/java.net.SocketInputStream.read(SocketInputStream.java:168)
 java.base@11.0.27/java.net.SocketInputStream.read(SocketInputStream.java:140)
 app//com.mongodb.internal.connection.SocketStream.read(SocketStream.java:110)
 app//com.mongodb.internal.connection.SocketStream.read(SocketStream.java:135)
 app//com.mongodb.internal.connection.InternalStreamConnection.receiveResponseBuffers(InternalStreamConnection.java:713)
 app//com.mongodb.internal.connection.InternalStreamConnection.receiveMessageWithAdditionalTimeout(InternalStreamConnection.java:571)
 app//com.mongodb.internal.connection.InternalStreamConnection.receiveCommandMessageResponse(InternalStreamConnection.java:410)
 app//com.mongodb.internal.connection.InternalStreamConnection.receive(InternalStreamConnection.java:369)
 app//com.mongodb.internal.connection.DefaultServerMonitor$ServerMonitorRunnable.lookupServerDescription(DefaultServerMonitor.java:221)
 app//com.mongodb.internal.connection.DefaultServerMonitor$ServerMonitorRunnable.run(DefaultServerMonitor.java:157)
 java.base@11.0.27/java.lang.Thread.run(Thread.java:834)
2026-03-29 14:44:42.047  WARN 24972 --- [       Thread-9] o.a.c.loader.WebappClassLoaderBase       : The web application [ROOT] appears to have started a thread named [cluster-rtt-ClusterId{value='69c8ed7d8c99923df2d29948', description='null'}-localhost:27017] but has failed to stop it. This is very likely to create a memory leak. Stack trace of thread:
 java.base@11.0.27/java.lang.Thread.sleep(Native Method)
 app//com.mongodb.internal.connection.DefaultServerMonitor.waitForNext(DefaultServerMonitor.java:443)
 app//com.mongodb.internal.connection.DefaultServerMonitor.access$1500(DefaultServerMonitor.java:64)
 app//com.mongodb.internal.connection.DefaultServerMonitor$RoundTripTimeRunnable.run(DefaultServerMonitor.java:415)
 java.base@11.0.27/java.lang.Thread.run(Thread.java:834)
2026-03-29 14:44:42.049  WARN 24972 --- [       Thread-9] o.a.c.loader.WebappClassLoaderBase       : The web application [ROOT] appears to have started a thread named [MaintenanceTimer-4-thread-1] but has failed to stop it. This is very likely to create a memory leak. Stack trace of thread:
 java.base@11.0.27/jdk.internal.misc.Unsafe.park(Native Method)
 java.base@11.0.27/java.util.concurrent.locks.LockSupport.parkNanos(LockSupport.java:234)
 java.base@11.0.27/java.util.concurrent.locks.AbstractQueuedSynchronizer$ConditionObject.awaitNanos(AbstractQueuedSynchronizer.java:2123)
 java.base@11.0.27/java.util.concurrent.ScheduledThreadPoolExecutor$DelayedWorkQueue.take(ScheduledThreadPoolExecutor.java:1182)
 java.base@11.0.27/java.util.concurrent.ScheduledThreadPoolExecutor$DelayedWorkQueue.take(ScheduledThreadPoolExecutor.java:899)
 java.base@11.0.27/java.util.concurrent.ThreadPoolExecutor.getTask(ThreadPoolExecutor.java:1054)
 java.base@11.0.27/java.util.concurrent.ThreadPoolExecutor.runWorker(ThreadPoolExecutor.java:1114)
 java.base@11.0.27/java.util.concurrent.ThreadPoolExecutor$Worker.run(ThreadPoolExecutor.java:628)
 java.base@11.0.27/java.lang.Thread.run(Thread.java:834)

  .   ____          _            __ _ _
 /\\ / ___'_ __ _ _(_)_ __  __ _ \ \ \ \
( ( )\___ | '_ | '_| | '_ \/ _` | \ \ \ \
 \\/  ___)| |_)| | | | | || (_| |  ) ) ) )
  '  |____| .__|_| |_|_| |_\__, | / / / /
 =========|_|==============|___/=/_/_/_/
 :: Spring Boot ::               (v2.7.18)

2026-03-29 14:44:42.200  INFO 24972 --- [  restartedMain] com.criczone.demo.DemoApplication        : Starting DemoApplication using Java 11.0.27 on LAPTOP-QAPDAB2H with PID 24972 (C:\Users\naman\Downloads\demo\demo\target\classes started by naman in C:\Users\naman\Downloads\demo\demo)
2026-03-29 14:44:42.203  INFO 24972 --- [  restartedMain] com.criczone.demo.DemoApplication        : No active profile set, falling back to 1 default profile: "default"
2026-03-29 14:44:43.213  INFO 24972 --- [  restartedMain] .s.d.r.c.RepositoryConfigurationDelegate : Bootstrapping Spring Data MongoDB repositories in DEFAULT mode.
2026-03-29 14:44:43.337  INFO 24972 --- [  restartedMain] .s.d.r.c.RepositoryConfigurationDelegate : Finished Spring Data repository scanning in 122 ms. Found 7 MongoDB repository interfaces.
2026-03-29 14:44:43.722  INFO 24972 --- [  restartedMain] o.s.b.w.embedded.tomcat.TomcatWebServer  : Tomcat initialized with port(s): 0 (http)
2026-03-29 14:44:43.725  INFO 24972 --- [  restartedMain] o.apache.catalina.core.StandardService   : Starting service [Tomcat]
2026-03-29 14:44:43.728  INFO 24972 --- [  restartedMain] org.apache.catalina.core.StandardEngine  : Starting Servlet engine: [Apache Tomcat/9.0.83]
2026-03-29 14:44:43.787  INFO 24972 --- [  restartedMain] o.a.c.c.C.[Tomcat].[localhost].[/]       : Initializing Spring embedded WebApplicationContext
2026-03-29 14:44:43.811  INFO 24972 --- [  restartedMain] w.s.c.ServletWebServerApplicationContext : Root WebApplicationContext: initialization completed in 1600 ms
2026-03-29 14:44:44.033  INFO 24972 --- [  restartedMain] org.mongodb.driver.client                : MongoClient with metadata {"driver": {"name": "mongo-java-driver|sync|spring-boot", "version": "4.6.1"}, "os": {"type": "Windows", "name": "Windows 11", "architecture": "amd64", "version": "10.0"}, "platform": "Java/Oracle Corporation/11.0.27+8-LTS-232"} created with settings MongoClientSettings{readPreference=primary, writeConcern=WriteConcern{w=null, wTimeout=null ms, journal=null}, retryWrites=true, retryReads=true, readConcern=ReadConcern{level=null}, credential=null, streamFactoryFactory=null, commandListeners=[io.micrometer.core.instrument.binder.mongodb.MongoMetricsCommandListener@734c8002], codecRegistry=ProvidersCodecRegistry{codecProviders=[ValueCodecProvider{}, BsonValueCodecProvider{}, DBRefCodecProvider{}, DBObjectCodecProvider{}, DocumentCodecProvider{}, IterableCodecProvider{}, MapCodecProvider{}, GeoJsonCodecProvider{}, GridFSFileCodecProvider{}, Jsr310CodecProvider{}, JsonObjectCodecProvider{}, BsonCodecProvider{}, EnumCodecProvider{}, com.mongodb.Jep395RecordCodecProvider@145f49ea]}, clusterSettings={hosts=[localhost:27017], srvServiceName=mongodb, mode=SINGLE, requiredClusterType=UNKNOWN, requiredReplicaSetName='null', serverSelector='null', clusterListeners='[]', serverSelectionTimeout='30000 ms', localThreshold='30000 ms'}, socketSettings=SocketSettings{connectTimeoutMS=10000, readTimeoutMS=0, receiveBufferSize=0, sendBufferSize=0}, heartbeatSocketSettings=SocketSettings{connectTimeoutMS=10000, readTimeoutMS=10000, receiveBufferSize=0, sendBufferSize=0}, connectionPoolSettings=ConnectionPoolSettings{maxSize=100, minSize=0, maxWaitTimeMS=120000, maxConnectionLifeTimeMS=0, maxConnectionIdleTimeMS=0, maintenanceInitialDelayMS=0, maintenanceFrequencyMS=60000, connectionPoolListeners=[io.micrometer.core.instrument.binder.mongodb.MongoMetricsConnectionPoolListener@40804e98], maxConnecting=2}, serverSettings=ServerSettings{heartbeatFrequencyMS=10000, minHeartbeatFrequencyMS=500, serverListeners='[]', serverMonitorListeners='[]'}, sslSettings=SslSettings{enabled=false, invalidHostNameAllowed=false, context=null}, applicationName='null', compressorList=[], uuidRepresentation=JAVA_LEGACY, serverApi=null, autoEncryptionSettings=null, contextProvider=null}
2026-03-29 14:44:44.053  INFO 24972 --- [localhost:27017] org.mongodb.driver.connection            : Opened connection [connectionId{localValue:9, serverValue:55}] to localhost:27017
2026-03-29 14:44:44.056  INFO 24972 --- [localhost:27017] org.mongodb.driver.cluster               : Monitor thread successfully connected to server with description ServerDescription{address=localhost:27017, type=STANDALONE, state=CONNECTED, ok=true, minWireVersion=0, maxWireVersion=25, maxDocumentSize=16777216, logicalSessionTimeoutMinutes=30, roundTripTimeNanos=5382200}
2026-03-29 14:44:44.060  INFO 24972 --- [localhost:27017] org.mongodb.driver.connection            : Opened connection [connectionId{localValue:8, serverValue:54}] to localhost:27017
2026-03-29 14:44:44.313  WARN 24972 --- [  restartedMain] o.s.b.d.a.OptionalLiveReloadServer       : Unable to start LiveReload server
2026-03-29 14:44:44.504  WARN 24972 --- [  restartedMain] .s.s.UserDetailsServiceAutoConfiguration : 

Using generated security password: acbffce2-9f8d-4686-8407-cd2a6615b5ec

This generated password is for development use only. Your security configuration must be updated before running your application in production.

2026-03-29 14:44:44.520  INFO 24972 --- [  restartedMain] o.s.s.web.DefaultSecurityFilterChain     : Will secure any request with [org.springframework.security.web.session.DisableEncodeUrlFilter@aca029f, org.springframework.security.web.context.request.async.WebAsyncManagerIntegrationFilter@3bb20ab9, org.springframework.security.web.context.SecurityContextPersistenceFilter@5204bd51, org.springframework.security.web.header.HeaderWriterFilter@175cd741, org.springframework.web.filter.CorsFilter@6174f593, org.springframework.security.web.authentication.logout.LogoutFilter@7b1a71e7, com.criczone.demo.security.JwtAuthFilter@1beaa9ce, org.springframework.security.web.savedrequest.RequestCacheAwareFilter@3463fbc0, org.springframework.security.web.servletapi.SecurityContextHolderAwareRequestFilter@45f4d4d2, org.springframework.security.web.authentication.AnonymousAuthenticationFilter@7dccff60, org.springframework.security.web.session.SessionManagementFilter@56f3e9a6, org.springframework.security.web.access.ExceptionTranslationFilter@2fe92d1c, org.springframework.security.web.access.intercept.AuthorizationFilter@22f7ca6f]
2026-03-29 14:44:44.637  INFO 24972 --- [  restartedMain] o.s.b.a.w.s.WelcomePageHandlerMapping    : Adding welcome page: class path resource [static/index.html]
2026-03-29 14:44:44.861  INFO 24972 --- [  restartedMain] o.s.b.a.e.web.EndpointLinksResolver      : Exposing 2 endpoint(s) beneath base path '/actuator'
2026-03-29 14:44:44.886  INFO 24972 --- [  restartedMain] o.s.b.w.embedded.tomcat.TomcatWebServer  : Tomcat started on port(s): 56199 (http) with context path ''
2026-03-29 14:44:44.898  INFO 24972 --- [  restartedMain] com.criczone.demo.DemoApplication        : Started DemoApplication in 2.76 seconds (JVM running for 10484.761)
2026-03-29 14:44:44.903  INFO 24972 --- [  restartedMain] .ConditionEvaluationDeltaLoggingListener : Condition evaluation unchanged
